Using pre-set license
Built from '6000.0/staging' branch; Version is '6000.0.39f1 (15ea7ed0b100) revision 1436286'; Using compiler version '193933523'; Build Type 'Release'
OS: 'Windows 11  (10.0.22631) 64bit Professional' Language: 'en' Physical Memory: 32509 MB
BatchMode: 1, IsHumanControllingUs: 0, StartBugReporterOnCrash: 0, Is64bit: 1, IsPro: 1

COMMAND LINE ARGUMENTS:
C:\Program Files\Unity\Hub\Editor\6000.0.39f1\Editor\Unity.exe
-adb2
-batchMode
-noUpm
-name
AssetImportWorker8
-projectPath
C:/Users/Admin/Credit
-logFile
Logs/AssetImportWorker8.log
-srvPort
55214
-job-worker-count
9
-background-job-worker-count
8
-gc-helper-count
1
Successfully changed project path to: C:/Users/Admin/Credit
C:/Users/Admin/Credit
[UnityMemory] Configuration Parameters - Can be set up in boot.config
    "memorysetup-bucket-allocator-granularity=16"
    "memorysetup-bucket-allocator-bucket-count=8"
    "memorysetup-bucket-allocator-block-size=33554432"
    "memorysetup-bucket-allocator-block-count=8"
    "memorysetup-main-allocator-block-size=16777216"
    "memorysetup-thread-allocator-block-size=16777216"
    "memorysetup-gfx-main-allocator-block-size=16777216"
    "memorysetup-gfx-thread-allocator-block-size=16777216"
    "memorysetup-cache-allocator-block-size=4194304"
    "memorysetup-typetree-allocator-block-size=2097152"
    "memorysetup-profiler-bucket-allocator-granularity=16"
    "memorysetup-profiler-bucket-allocator-bucket-count=8"
    "memorysetup-profiler-bucket-allocator-block-size=33554432"
    "memorysetup-profiler-bucket-allocator-block-count=8"
    "memorysetup-profiler-allocator-block-size=16777216"
    "memorysetup-profiler-editor-allocator-block-size=1048576"
    "memorysetup-temp-allocator-size-main=16777216"
    "memorysetup-job-temp-allocator-block-size=2097152"
    "memorysetup-job-temp-allocator-block-size-background=1048576"
    "memorysetup-job-temp-allocator-reduction-small-platforms=262144"
    "memorysetup-allocator-temp-initial-block-size-main=262144"
    "memorysetup-allocator-temp-initial-block-size-worker=262144"
    "memorysetup-temp-allocator-size-background-worker=32768"
    "memorysetup-temp-allocator-size-job-worker=262144"
    "memorysetup-temp-allocator-size-preload-manager=33554432"
    "memorysetup-temp-allocator-size-nav-mesh-worker=65536"
    "memorysetup-temp-allocator-size-audio-worker=65536"
    "memorysetup-temp-allocator-size-cloud-worker=32768"
    "memorysetup-temp-allocator-size-gi-baking-worker=262144"
    "memorysetup-temp-allocator-size-gi-baking-worker=262144"
    "memorysetup-temp-allocator-size-gi-baking-worker=262144"
    "memorysetup-temp-allocator-size-gi-baking-worker=262144"
    "memorysetup-temp-allocator-size-gi-baking-worker=262144"
    "memorysetup-temp-allocator-size-gfx=262144"
Player connection [13152]  Target information:

Player connection [13152]  * "[IP] 192.168.1.106 [Port] 0 [Flags] 2 [Guid] 1437711284 [EditorId] 1437711284 [Version] 1048832 [Id] WindowsEditor(7,PS2022UWPLKQKS) [Debug] 1 [PackageName] WindowsEditor [ProjectName] Editor" 

Player connection [13152] Host joined multi-casting on [225.0.0.222:54997]...
Player connection [13152] Host joined alternative multi-casting on [225.0.0.222:34997]...
JobSystem: Creating JobQueue using job-worker-count value 9
Input System module state changed to: Initialized.
[Physics::Module] Initialized fallback backend.
[Physics::Module] Id: 0xdecafbad
Library Redirect Path: Library/
[Physics::Module] Selected backend.
[Physics::Module] Name: PhysX
[Physics::Module] Id: 0xf2b8ea05
[Physics::Module] SDK Version: 4.1.2
[Physics::Module] Integration Version: 1.0.0
[Physics::Module] Threading Mode: Multi-Threaded
Refreshing native plugins compatible for Editor in 2.65 ms, found 4 plugins.
Preloading 0 native plugins for Editor in 0.00 ms.
Initialize engine version: 6000.0.39f1 (15ea7ed0b100)
[Subsystems] Discovering subsystems at path C:/Program Files/Unity/Hub/Editor/6000.0.39f1/Editor/Data/Resources/UnitySubsystems
[Subsystems] Discovering subsystems at path C:/Users/Admin/Credit/Assets
GfxDevice: creating device client; kGfxThreadingModeNonThreaded
Direct3D:
    Version:  Direct3D 11.0 [level 11.1]
    Renderer: NVIDIA GeForce RTX 3070 Ti (ID=0x2482)
    Vendor:   NVIDIA
    VRAM:     8018 MB
    Driver:   32.0.15.6094
Initialize mono
Mono path[0] = 'C:/Program Files/Unity/Hub/Editor/6000.0.39f1/Editor/Data/Managed'
Mono path[1] = 'C:/Program Files/Unity/Hub/Editor/6000.0.39f1/Editor/Data/MonoBleedingEdge/lib/mono/unityjit-win32'
Mono config path = 'C:/Program Files/Unity/Hub/Editor/6000.0.39f1/Editor/Data/MonoBleedingEdge/etc'
Using monoOptions --debugger-agent=transport=dt_socket,embedding=1,server=y,suspend=n,address=127.0.0.1:56172
Begin MonoManager ReloadAssembly
Registering precompiled unity dll's ...
Register platform support module: C:/Program Files/Unity/Hub/Editor/6000.0.39f1/Editor/Data/PlaybackEngines/WebGLSupport/UnityEditor.WebGL.Extensions.dll
Register platform support module: C:/Program Files/Unity/Hub/Editor/6000.0.39f1/Editor/Data/PlaybackEngines/WindowsStandaloneSupport/UnityEditor.WindowsStandalone.Extensions.dll
Registered in 0.003075 seconds.
- Loaded All Assemblies, in  0.543 seconds
Native extension for WindowsStandalone target not found
Native extension for WebGL target not found
Mono: successfully reloaded assembly
- Finished resetting the current domain, in  0.402 seconds
Domain Reload Profiling: 944ms
	BeginReloadAssembly (157ms)
		ExecutionOrderSort (0ms)
		DisableScriptedObjects (0ms)
		BackupInstance (0ms)
		ReleaseScriptingObjects (0ms)
		CreateAndSetChildDomain (1ms)
	RebuildCommonClasses (64ms)
	RebuildNativeTypeToScriptingClass (20ms)
	initialDomainReloadingComplete (54ms)
	LoadAllAssembliesAndSetupDomain (246ms)
		LoadAssemblies (154ms)
		RebuildTransferFunctionScriptingTraits (0ms)
		AnalyzeDomain (242ms)
			TypeCache.Refresh (241ms)
				TypeCache.ScanAssembly (221ms)
			BuildScriptInfoCaches (0ms)
			ResolveRequiredComponents (0ms)
	FinalizeReload (402ms)
		ReleaseScriptCaches (0ms)
		RebuildScriptCaches (0ms)
		SetupLoadedEditorAssemblies (352ms)
			LogAssemblyErrors (0ms)
			InitializePlatformSupportModulesInManaged (31ms)
			SetLoadedEditorAssemblies (6ms)
			BeforeProcessingInitializeOnLoad (66ms)
			ProcessInitializeOnLoadAttributes (185ms)
			ProcessInitializeOnLoadMethodAttributes (64ms)
			AfterProcessingInitializeOnLoad (0ms)
			EditorAssembliesLoaded (0ms)
		ExecutionOrderSort2 (0ms)
		AwakeInstancesAfterBackupRestoration (0ms)
========================================================================
Worker process is ready to serve import requests
Import Worker Mode flag is 0x00
Begin MonoManager ReloadAssembly
- Loaded All Assemblies, in  0.962 seconds
Refreshing native plugins compatible for Editor in 1.46 ms, found 4 plugins.
Native extension for WindowsStandalone target not found
Native extension for WebGL target not found
Mono: successfully reloaded assembly
- Finished resetting the current domain, in  0.850 seconds
Domain Reload Profiling: 1807ms
	BeginReloadAssembly (148ms)
		ExecutionOrderSort (0ms)
		DisableScriptedObjects (7ms)
		BackupInstance (0ms)
		ReleaseScriptingObjects (0ms)
		CreateAndSetChildDomain (28ms)
	RebuildCommonClasses (42ms)
	RebuildNativeTypeToScriptingClass (11ms)
	initialDomainReloadingComplete (46ms)
	LoadAllAssembliesAndSetupDomain (710ms)
		LoadAssemblies (456ms)
		RebuildTransferFunctionScriptingTraits (0ms)
		AnalyzeDomain (328ms)
			TypeCache.Refresh (245ms)
				TypeCache.ScanAssembly (227ms)
			BuildScriptInfoCaches (61ms)
			ResolveRequiredComponents (19ms)
	FinalizeReload (850ms)
		ReleaseScriptCaches (0ms)
		RebuildScriptCaches (0ms)
		SetupLoadedEditorAssemblies (685ms)
			LogAssemblyErrors (0ms)
			InitializePlatformSupportModulesInManaged (4ms)
			SetLoadedEditorAssemblies (3ms)
			BeforeProcessingInitializeOnLoad (119ms)
			ProcessInitializeOnLoadAttributes (421ms)
			ProcessInitializeOnLoadMethodAttributes (134ms)
			AfterProcessingInitializeOnLoad (5ms)
			EditorAssembliesLoaded (0ms)
		ExecutionOrderSort2 (0ms)
		AwakeInstancesAfterBackupRestoration (6ms)
Launched and connected shader compiler UnityShaderCompiler.exe after 0.01 seconds
Refreshing native plugins compatible for Editor in 1.74 ms, found 4 plugins.
Preloading 0 native plugins for Editor in 0.00 ms.
Unloading 220 Unused Serialized files (Serialized files now loaded: 0)
Unloading 6614 unused Assets / (7.8 MB). Loaded Objects now: 7273.
Memory consumption went from 181.1 MB to 173.3 MB.
Total: 10.970200 ms (FindLiveObjects: 0.818400 ms CreateObjectMapping: 0.804900 ms MarkObjects: 4.685800 ms  DeleteObjects: 4.659600 ms)

========================================================================
Received Prepare
Begin MonoManager ReloadAssembly
- Loaded All Assemblies, in  0.736 seconds
Refreshing native plugins compatible for Editor in 1.37 ms, found 4 plugins.
Native extension for WindowsStandalone target not found
Native extension for WebGL target not found
Mono: successfully reloaded assembly
- Finished resetting the current domain, in  0.769 seconds
Domain Reload Profiling: 1501ms
	BeginReloadAssembly (180ms)
		ExecutionOrderSort (0ms)
		DisableScriptedObjects (12ms)
		BackupInstance (0ms)
		ReleaseScriptingObjects (0ms)
		CreateAndSetChildDomain (50ms)
	RebuildCommonClasses (43ms)
	RebuildNativeTypeToScriptingClass (16ms)
	initialDomainReloadingComplete (36ms)
	LoadAllAssembliesAndSetupDomain (457ms)
		LoadAssemblies (356ms)
		RebuildTransferFunctionScriptingTraits (0ms)
		AnalyzeDomain (177ms)
			TypeCache.Refresh (10ms)
				TypeCache.ScanAssembly (0ms)
			BuildScriptInfoCaches (153ms)
			ResolveRequiredComponents (11ms)
	FinalizeReload (770ms)
		ReleaseScriptCaches (0ms)
		RebuildScriptCaches (0ms)
		SetupLoadedEditorAssemblies (571ms)
			LogAssemblyErrors (0ms)
			InitializePlatformSupportModulesInManaged (3ms)
			SetLoadedEditorAssemblies (4ms)
			BeforeProcessingInitializeOnLoad (122ms)
			ProcessInitializeOnLoadAttributes (367ms)
			ProcessInitializeOnLoadMethodAttributes (69ms)
			AfterProcessingInitializeOnLoad (6ms)
			EditorAssembliesLoaded (0ms)
		ExecutionOrderSort2 (0ms)
		AwakeInstancesAfterBackupRestoration (15ms)
Refreshing native plugins compatible for Editor in 2.61 ms, found 4 plugins.
Preloading 0 native plugins for Editor in 0.00 ms.
Unloading 40 Unused Serialized files (Serialized files now loaded: 0)
Unloading 6612 unused Assets / (7.7 MB). Loaded Objects now: 7276.
Memory consumption went from 156.5 MB to 148.8 MB.
Total: 15.413300 ms (FindLiveObjects: 0.964400 ms CreateObjectMapping: 0.995300 ms MarkObjects: 6.995700 ms  DeleteObjects: 6.455000 ms)

Prepare: number of updated asset objects reloaded= 0
========================================================================
Received Prepare
Begin MonoManager ReloadAssembly
- Loaded All Assemblies, in  0.588 seconds
Refreshing native plugins compatible for Editor in 1.10 ms, found 4 plugins.
Native extension for WindowsStandalone target not found
Native extension for WebGL target not found
Mono: successfully reloaded assembly
- Finished resetting the current domain, in  0.616 seconds
Domain Reload Profiling: 1204ms
	BeginReloadAssembly (156ms)
		ExecutionOrderSort (0ms)
		DisableScriptedObjects (11ms)
		BackupInstance (0ms)
		ReleaseScriptingObjects (0ms)
		CreateAndSetChildDomain (47ms)
	RebuildCommonClasses (29ms)
	RebuildNativeTypeToScriptingClass (10ms)
	initialDomainReloadingComplete (23ms)
	LoadAllAssembliesAndSetupDomain (370ms)
		LoadAssemblies (276ms)
		RebuildTransferFunctionScriptingTraits (0ms)
		AnalyzeDomain (154ms)
			TypeCache.Refresh (7ms)
				TypeCache.ScanAssembly (0ms)
			BuildScriptInfoCaches (137ms)
			ResolveRequiredComponents (9ms)
	FinalizeReload (616ms)
		ReleaseScriptCaches (0ms)
		RebuildScriptCaches (0ms)
		SetupLoadedEditorAssemblies (429ms)
			LogAssemblyErrors (0ms)
			InitializePlatformSupportModulesInManaged (3ms)
			SetLoadedEditorAssemblies (3ms)
			BeforeProcessingInitializeOnLoad (84ms)
			ProcessInitializeOnLoadAttributes (281ms)
			ProcessInitializeOnLoadMethodAttributes (55ms)
			AfterProcessingInitializeOnLoad (5ms)
			EditorAssembliesLoaded (0ms)
		ExecutionOrderSort2 (0ms)
		AwakeInstancesAfterBackupRestoration (13ms)
Refreshing native plugins compatible for Editor in 1.51 ms, found 4 plugins.
Preloading 0 native plugins for Editor in 0.00 ms.
Unloading 40 Unused Serialized files (Serialized files now loaded: 0)
Unloading 6612 unused Assets / (7.5 MB). Loaded Objects now: 7278.
Memory consumption went from 156.4 MB to 148.9 MB.
Total: 10.355900 ms (FindLiveObjects: 0.801700 ms CreateObjectMapping: 0.778000 ms MarkObjects: 4.434400 ms  DeleteObjects: 4.340400 ms)

Prepare: number of updated asset objects reloaded= 0
========================================================================
Received Prepare
Begin MonoManager ReloadAssembly
- Loaded All Assemblies, in  0.566 seconds
Refreshing native plugins compatible for Editor in 1.05 ms, found 4 plugins.
Native extension for WindowsStandalone target not found
Native extension for WebGL target not found
Mono: successfully reloaded assembly
- Finished resetting the current domain, in  0.583 seconds
Domain Reload Profiling: 1149ms
	BeginReloadAssembly (145ms)
		ExecutionOrderSort (0ms)
		DisableScriptedObjects (11ms)
		BackupInstance (0ms)
		ReleaseScriptingObjects (0ms)
		CreateAndSetChildDomain (40ms)
	RebuildCommonClasses (27ms)
	RebuildNativeTypeToScriptingClass (9ms)
	initialDomainReloadingComplete (24ms)
	LoadAllAssembliesAndSetupDomain (361ms)
		LoadAssemblies (269ms)
		RebuildTransferFunctionScriptingTraits (0ms)
		AnalyzeDomain (148ms)
			TypeCache.Refresh (7ms)
				TypeCache.ScanAssembly (0ms)
			BuildScriptInfoCaches (127ms)
			ResolveRequiredComponents (10ms)
	FinalizeReload (583ms)
		ReleaseScriptCaches (0ms)
		RebuildScriptCaches (0ms)
		SetupLoadedEditorAssemblies (427ms)
			LogAssemblyErrors (0ms)
			InitializePlatformSupportModulesInManaged (3ms)
			SetLoadedEditorAssemblies (4ms)
			BeforeProcessingInitializeOnLoad (87ms)
			ProcessInitializeOnLoadAttributes (278ms)
			ProcessInitializeOnLoadMethodAttributes (50ms)
			AfterProcessingInitializeOnLoad (5ms)
			EditorAssembliesLoaded (0ms)
		ExecutionOrderSort2 (0ms)
		AwakeInstancesAfterBackupRestoration (11ms)
Refreshing native plugins compatible for Editor in 1.98 ms, found 4 plugins.
Preloading 0 native plugins for Editor in 0.00 ms.
Unloading 40 Unused Serialized files (Serialized files now loaded: 0)
Unloading 6612 unused Assets / (7.8 MB). Loaded Objects now: 7280.
Memory consumption went from 158.3 MB to 150.5 MB.
Total: 11.209300 ms (FindLiveObjects: 0.670800 ms CreateObjectMapping: 0.796300 ms MarkObjects: 4.556700 ms  DeleteObjects: 5.184200 ms)

Prepare: number of updated asset objects reloaded= 0
========================================================================
Received Prepare
Begin MonoManager ReloadAssembly
- Loaded All Assemblies, in  0.652 seconds
Refreshing native plugins compatible for Editor in 1.45 ms, found 4 plugins.
Native extension for WindowsStandalone target not found
Native extension for WebGL target not found
Mono: successfully reloaded assembly
- Finished resetting the current domain, in  0.828 seconds
Domain Reload Profiling: 1480ms
	BeginReloadAssembly (159ms)
		ExecutionOrderSort (0ms)
		DisableScriptedObjects (12ms)
		BackupInstance (0ms)
		ReleaseScriptingObjects (0ms)
		CreateAndSetChildDomain (46ms)
	RebuildCommonClasses (33ms)
	RebuildNativeTypeToScriptingClass (10ms)
	initialDomainReloadingComplete (27ms)
	LoadAllAssembliesAndSetupDomain (422ms)
		LoadAssemblies (284ms)
		RebuildTransferFunctionScriptingTraits (0ms)
		AnalyzeDomain (201ms)
			TypeCache.Refresh (7ms)
				TypeCache.ScanAssembly (0ms)
			BuildScriptInfoCaches (180ms)
			ResolveRequiredComponents (11ms)
	FinalizeReload (828ms)
		ReleaseScriptCaches (0ms)
		RebuildScriptCaches (0ms)
		SetupLoadedEditorAssemblies (632ms)
			LogAssemblyErrors (0ms)
			InitializePlatformSupportModulesInManaged (4ms)
			SetLoadedEditorAssemblies (4ms)
			BeforeProcessingInitializeOnLoad (109ms)
			ProcessInitializeOnLoadAttributes (449ms)
			ProcessInitializeOnLoadMethodAttributes (61ms)
			AfterProcessingInitializeOnLoad (5ms)
			EditorAssembliesLoaded (0ms)
		ExecutionOrderSort2 (0ms)
		AwakeInstancesAfterBackupRestoration (13ms)
Refreshing native plugins compatible for Editor in 1.29 ms, found 4 plugins.
Preloading 0 native plugins for Editor in 0.00 ms.
Unloading 40 Unused Serialized files (Serialized files now loaded: 0)
Unloading 6612 unused Assets / (7.4 MB). Loaded Objects now: 7282.
Memory consumption went from 158.3 MB to 150.9 MB.
Total: 8.895100 ms (FindLiveObjects: 0.615900 ms CreateObjectMapping: 0.495900 ms MarkObjects: 3.995400 ms  DeleteObjects: 3.786300 ms)

Prepare: number of updated asset objects reloaded= 0
========================================================================
Received Prepare
Refreshing native plugins compatible for Editor in 1.39 ms, found 4 plugins.
Preloading 0 native plugins for Editor in 0.00 ms.
Unloading 40 Unused Serialized files (Serialized files now loaded: 0)
Unloading 6602 unused Assets / (8.4 MB). Loaded Objects now: 7283.
Memory consumption went from 158.5 MB to 150.1 MB.
Total: 41.771500 ms (FindLiveObjects: 0.629300 ms CreateObjectMapping: 0.566700 ms MarkObjects: 18.878400 ms  DeleteObjects: 21.695200 ms)

Prepare: number of updated asset objects reloaded= 0
========================================================================
Received Import Request.
  Time since last request: 13646.664470 seconds.
  path: Assets/creditsPopup1.cs
  artifactKey: Guid(cc2f6877ac20e504984b455ecd8c0d96) Importer(815301076,1909f56bfc062723c751e8b465ee728b)
Start importing Assets/creditsPopup1.cs using Guid(cc2f6877ac20e504984b455ecd8c0d96) Importer(815301076,1909f56bfc062723c751e8b465ee728b) (PreviewImporter) -> (artifact id: '0a2735cb1021c6e383718109fa81ed6d') in 0.0212122 seconds
Number of updated asset objects reloaded before import = 0Number of asset objects unloaded after import = 0

========================================================================
Received Prepare
Refreshing native plugins compatible for Editor in 1.35 ms, found 4 plugins.
Preloading 0 native plugins for Editor in 0.00 ms.
Unloading 40 Unused Serialized files (Serialized files now loaded: 0)
Unloading 6601 unused Assets / (7.2 MB). Loaded Objects now: 7284.
Memory consumption went from 159.1 MB to 151.8 MB.
Total: 8.633300 ms (FindLiveObjects: 0.556600 ms CreateObjectMapping: 0.539400 ms MarkObjects: 3.891300 ms  DeleteObjects: 3.645000 ms)

Prepare: number of updated asset objects reloaded= 0
========================================================================
Received Prepare
Begin MonoManager ReloadAssembly
- Loaded All Assemblies, in  0.612 seconds
Refreshing native plugins compatible for Editor in 1.35 ms, found 4 plugins.
Native extension for WindowsStandalone target not found
Native extension for WebGL target not found
Mono: successfully reloaded assembly
- Finished resetting the current domain, in  0.583 seconds
Domain Reload Profiling: 1195ms
	BeginReloadAssembly (149ms)
		ExecutionOrderSort (0ms)
		DisableScriptedObjects (16ms)
		BackupInstance (0ms)
		ReleaseScriptingObjects (0ms)
		CreateAndSetChildDomain (43ms)
	RebuildCommonClasses (29ms)
	RebuildNativeTypeToScriptingClass (11ms)
	initialDomainReloadingComplete (25ms)
	LoadAllAssembliesAndSetupDomain (398ms)
		LoadAssemblies (293ms)
		RebuildTransferFunctionScriptingTraits (0ms)
		AnalyzeDomain (157ms)
			TypeCache.Refresh (7ms)
				TypeCache.ScanAssembly (0ms)
			BuildScriptInfoCaches (139ms)
			ResolveRequiredComponents (9ms)
	FinalizeReload (583ms)
		ReleaseScriptCaches (0ms)
		RebuildScriptCaches (0ms)
		SetupLoadedEditorAssemblies (426ms)
			LogAssemblyErrors (0ms)
			InitializePlatformSupportModulesInManaged (3ms)
			SetLoadedEditorAssemblies (3ms)
			BeforeProcessingInitializeOnLoad (86ms)
			ProcessInitializeOnLoadAttributes (285ms)
			ProcessInitializeOnLoadMethodAttributes (45ms)
			AfterProcessingInitializeOnLoad (4ms)
			EditorAssembliesLoaded (0ms)
		ExecutionOrderSort2 (0ms)
		AwakeInstancesAfterBackupRestoration (9ms)
Refreshing native plugins compatible for Editor in 1.20 ms, found 4 plugins.
Preloading 0 native plugins for Editor in 0.00 ms.
Unloading 40 Unused Serialized files (Serialized files now loaded: 0)
Unloading 6612 unused Assets / (7.9 MB). Loaded Objects now: 7286.
Memory consumption went from 158.8 MB to 150.9 MB.
Total: 9.654900 ms (FindLiveObjects: 0.571100 ms CreateObjectMapping: 0.504700 ms MarkObjects: 3.592300 ms  DeleteObjects: 4.985800 ms)

Prepare: number of updated asset objects reloaded= 0
========================================================================
Received Prepare
Refreshing native plugins compatible for Editor in 2.75 ms, found 4 plugins.
Preloading 0 native plugins for Editor in 0.00 ms.
Unloading 40 Unused Serialized files (Serialized files now loaded: 0)
Unloading 6600 unused Assets / (7.1 MB). Loaded Objects now: 7285.
Memory consumption went from 159.0 MB to 151.9 MB.
Total: 14.889800 ms (FindLiveObjects: 1.089600 ms CreateObjectMapping: 0.907800 ms MarkObjects: 7.243700 ms  DeleteObjects: 5.646300 ms)

Prepare: number of updated asset objects reloaded= 0
========================================================================
Received Prepare
Begin MonoManager ReloadAssembly
- Loaded All Assemblies, in  0.652 seconds
Refreshing native plugins compatible for Editor in 1.26 ms, found 4 plugins.
Native extension for WindowsStandalone target not found
Native extension for WebGL target not found
Mono: successfully reloaded assembly
- Finished resetting the current domain, in  0.622 seconds
Domain Reload Profiling: 1273ms
	BeginReloadAssembly (160ms)
		ExecutionOrderSort (0ms)
		DisableScriptedObjects (12ms)
		BackupInstance (0ms)
		ReleaseScriptingObjects (0ms)
		CreateAndSetChildDomain (49ms)
	RebuildCommonClasses (31ms)
	RebuildNativeTypeToScriptingClass (11ms)
	initialDomainReloadingComplete (26ms)
	LoadAllAssembliesAndSetupDomain (423ms)
		LoadAssemblies (296ms)
		RebuildTransferFunctionScriptingTraits (0ms)
		AnalyzeDomain (185ms)
			TypeCache.Refresh (12ms)
				TypeCache.ScanAssembly (1ms)
			BuildScriptInfoCaches (160ms)
			ResolveRequiredComponents (10ms)
	FinalizeReload (623ms)
		ReleaseScriptCaches (0ms)
		RebuildScriptCaches (0ms)
		SetupLoadedEditorAssemblies (452ms)
			LogAssemblyErrors (0ms)
			InitializePlatformSupportModulesInManaged (3ms)
			SetLoadedEditorAssemblies (3ms)
			BeforeProcessingInitializeOnLoad (97ms)
			ProcessInitializeOnLoadAttributes (298ms)
			ProcessInitializeOnLoadMethodAttributes (48ms)
			AfterProcessingInitializeOnLoad (4ms)
			EditorAssembliesLoaded (0ms)
		ExecutionOrderSort2 (0ms)
		AwakeInstancesAfterBackupRestoration (11ms)
Refreshing native plugins compatible for Editor in 1.64 ms, found 4 plugins.
Preloading 0 native plugins for Editor in 0.00 ms.
Unloading 40 Unused Serialized files (Serialized files now loaded: 0)
Unloading 6611 unused Assets / (7.2 MB). Loaded Objects now: 7287.
Memory consumption went from 158.9 MB to 151.7 MB.
Total: 9.101500 ms (FindLiveObjects: 0.675200 ms CreateObjectMapping: 0.613500 ms MarkObjects: 4.290600 ms  DeleteObjects: 3.521000 ms)

Prepare: number of updated asset objects reloaded= 0
========================================================================
Received Prepare
Refreshing native plugins compatible for Editor in 1.16 ms, found 4 plugins.
Preloading 0 native plugins for Editor in 0.00 ms.
Unloading 40 Unused Serialized files (Serialized files now loaded: 0)
Unloading 6601 unused Assets / (7.0 MB). Loaded Objects now: 7288.
Memory consumption went from 159.0 MB to 152.0 MB.
Total: 7.985300 ms (FindLiveObjects: 0.542700 ms CreateObjectMapping: 0.462800 ms MarkObjects: 4.056800 ms  DeleteObjects: 2.921900 ms)

Prepare: number of updated asset objects reloaded= 0
========================================================================
Received Import Request.
  Time since last request: 46.212667 seconds.
  path: Assets/NewMonoBehaviourScript.cs
  artifactKey: Guid(a56d06fd2302e994c8c32cd41ae0b00a) Importer(815301076,1909f56bfc062723c751e8b465ee728b)
Start importing Assets/NewMonoBehaviourScript.cs using Guid(a56d06fd2302e994c8c32cd41ae0b00a) Importer(815301076,1909f56bfc062723c751e8b465ee728b) (PreviewImporter) -> (artifact id: '7f8d366e677ce465f8514d5e5455c03b') in 0.0132656 seconds
Number of updated asset objects reloaded before import = 0Number of asset objects unloaded after import = 0

========================================================================
Received Prepare
Begin MonoManager ReloadAssembly
- Loaded All Assemblies, in  0.631 seconds
Refreshing native plugins compatible for Editor in 1.21 ms, found 4 plugins.
Native extension for WindowsStandalone target not found
Native extension for WebGL target not found
Mono: successfully reloaded assembly
- Finished resetting the current domain, in  0.637 seconds
Domain Reload Profiling: 1268ms
	BeginReloadAssembly (152ms)
		ExecutionOrderSort (0ms)
		DisableScriptedObjects (11ms)
		BackupInstance (0ms)
		ReleaseScriptingObjects (0ms)
		CreateAndSetChildDomain (46ms)
	RebuildCommonClasses (30ms)
	RebuildNativeTypeToScriptingClass (11ms)
	initialDomainReloadingComplete (26ms)
	LoadAllAssembliesAndSetupDomain (412ms)
		LoadAssemblies (301ms)
		RebuildTransferFunctionScriptingTraits (0ms)
		AnalyzeDomain (167ms)
			TypeCache.Refresh (11ms)
				TypeCache.ScanAssembly (1ms)
			BuildScriptInfoCaches (142ms)
			ResolveRequiredComponents (9ms)
	FinalizeReload (638ms)
		ReleaseScriptCaches (0ms)
		RebuildScriptCaches (0ms)
		SetupLoadedEditorAssemblies (471ms)
			LogAssemblyErrors (0ms)
			InitializePlatformSupportModulesInManaged (3ms)
			SetLoadedEditorAssemblies (6ms)
			BeforeProcessingInitializeOnLoad (109ms)
			ProcessInitializeOnLoadAttributes (298ms)
			ProcessInitializeOnLoadMethodAttributes (49ms)
			AfterProcessingInitializeOnLoad (5ms)
			EditorAssembliesLoaded (0ms)
		ExecutionOrderSort2 (0ms)
		AwakeInstancesAfterBackupRestoration (10ms)
Refreshing native plugins compatible for Editor in 1.38 ms, found 4 plugins.
Preloading 0 native plugins for Editor in 0.00 ms.
Unloading 40 Unused Serialized files (Serialized files now loaded: 0)
Unloading 6612 unused Assets / (8.2 MB). Loaded Objects now: 7290.
Memory consumption went from 158.9 MB to 150.7 MB.
Total: 11.644000 ms (FindLiveObjects: 0.684900 ms CreateObjectMapping: 0.584400 ms MarkObjects: 4.816500 ms  DeleteObjects: 5.556200 ms)

Prepare: number of updated asset objects reloaded= 0
========================================================================
Received Prepare
Refreshing native plugins compatible for Editor in 1.47 ms, found 4 plugins.
Preloading 0 native plugins for Editor in 0.00 ms.
Unloading 40 Unused Serialized files (Serialized files now loaded: 0)
Unloading 6601 unused Assets / (6.8 MB). Loaded Objects now: 7290.
Memory consumption went from 159.0 MB to 152.2 MB.
Total: 10.844300 ms (FindLiveObjects: 0.713900 ms CreateObjectMapping: 0.661100 ms MarkObjects: 5.651600 ms  DeleteObjects: 3.815600 ms)

Prepare: number of updated asset objects reloaded= 0
========================================================================
Received Import Request.
  Time since last request: 17.002028 seconds.
  path: Assets/CreditPopup.cs
  artifactKey: Guid(a56d06fd2302e994c8c32cd41ae0b00a) Importer(815301076,1909f56bfc062723c751e8b465ee728b)
Start importing Assets/CreditPopup.cs using Guid(a56d06fd2302e994c8c32cd41ae0b00a) Importer(815301076,1909f56bfc062723c751e8b465ee728b) (PreviewImporter) -> (artifact id: '2e3e13d919f090c6943cfd0fcafe377b') in 0.004846 seconds
Number of updated asset objects reloaded before import = 0Number of asset objects unloaded after import = 0

========================================================================
Received Prepare
Begin MonoManager ReloadAssembly
- Loaded All Assemblies, in  0.919 seconds
Refreshing native plugins compatible for Editor in 3.16 ms, found 4 plugins.
Native extension for WindowsStandalone target not found
Native extension for WebGL target not found
Mono: successfully reloaded assembly
- Finished resetting the current domain, in  1.228 seconds
Domain Reload Profiling: 2147ms
	BeginReloadAssembly (209ms)
		ExecutionOrderSort (0ms)
		DisableScriptedObjects (17ms)
		BackupInstance (0ms)
		ReleaseScriptingObjects (0ms)
		CreateAndSetChildDomain (65ms)
	RebuildCommonClasses (43ms)
	RebuildNativeTypeToScriptingClass (18ms)
	initialDomainReloadingComplete (35ms)
	LoadAllAssembliesAndSetupDomain (614ms)
		LoadAssemblies (389ms)
		RebuildTransferFunctionScriptingTraits (0ms)
		AnalyzeDomain (304ms)
			TypeCache.Refresh (11ms)
				TypeCache.ScanAssembly (1ms)
			BuildScriptInfoCaches (276ms)
			ResolveRequiredComponents (14ms)
	FinalizeReload (1229ms)
		ReleaseScriptCaches (0ms)
		RebuildScriptCaches (0ms)
		SetupLoadedEditorAssemblies (907ms)
			LogAssemblyErrors (0ms)
			InitializePlatformSupportModulesInManaged (4ms)
			SetLoadedEditorAssemblies (9ms)
			BeforeProcessingInitializeOnLoad (178ms)
			ProcessInitializeOnLoadAttributes (632ms)
			ProcessInitializeOnLoadMethodAttributes (73ms)
			AfterProcessingInitializeOnLoad (10ms)
			EditorAssembliesLoaded (0ms)
		ExecutionOrderSort2 (0ms)
		AwakeInstancesAfterBackupRestoration (19ms)
Refreshing native plugins compatible for Editor in 1.65 ms, found 4 plugins.
Preloading 0 native plugins for Editor in 0.00 ms.
Unloading 40 Unused Serialized files (Serialized files now loaded: 0)
Unloading 6612 unused Assets / (7.1 MB). Loaded Objects now: 7292.
Memory consumption went from 158.9 MB to 151.8 MB.
Total: 14.151300 ms (FindLiveObjects: 0.701900 ms CreateObjectMapping: 0.901900 ms MarkObjects: 5.784600 ms  DeleteObjects: 6.761200 ms)

Prepare: number of updated asset objects reloaded= 0
========================================================================
Received Import Request.
  Time since last request: 8.377559 seconds.
  path: Assets/CreditPopup.cs
  artifactKey: Guid(a56d06fd2302e994c8c32cd41ae0b00a) Importer(815301076,1909f56bfc062723c751e8b465ee728b)
Start importing Assets/CreditPopup.cs using Guid(a56d06fd2302e994c8c32cd41ae0b00a) Importer(815301076,1909f56bfc062723c751e8b465ee728b) (PreviewImporter) -> (artifact id: '00000000000000000000000000000000') in 0.0035658 seconds
Import Error Code:(4)
Message: Build asset version error: assets/creditpopup.cs in SourceAssetDB has modification time of '2025-02-25T15:35:08.7961696Z' while content on disk has modification time of '2025-02-25T15:35:31.648895Z'
  ERROR: Build asset version error: assets/creditpopup.cs in SourceAssetDB has modification time of '2025-02-25T15:35:08.7961696Z' while content on disk has modification time of '2025-02-25T15:35:31.648895Z'
Number of updated asset objects reloaded before import = 0Number of asset objects unloaded after import = 0

========================================================================
Received Import Request.
  Time since last request: 0.000015 seconds.
  path: Assets/CreditPopup.cs
  artifactKey: Guid(a56d06fd2302e994c8c32cd41ae0b00a) Importer(815301076,1909f56bfc062723c751e8b465ee728b)
Start importing Assets/CreditPopup.cs using Guid(a56d06fd2302e994c8c32cd41ae0b00a) Importer(815301076,1909f56bfc062723c751e8b465ee728b) (PreviewImporter) -> (artifact id: '00000000000000000000000000000000') in 0.0005097 seconds
Import Error Code:(4)
Message: Build asset version error: assets/creditpopup.cs in SourceAssetDB has modification time of '2025-02-25T15:35:08.7961696Z' while content on disk has modification time of '2025-02-25T15:35:31.648895Z'
  ERROR: Build asset version error: assets/creditpopup.cs in SourceAssetDB has modification time of '2025-02-25T15:35:08.7961696Z' while content on disk has modification time of '2025-02-25T15:35:31.648895Z'
Number of updated asset objects reloaded before import = 0Number of asset objects unloaded after import = 0

========================================================================
Received Import Request.
  Time since last request: 0.000016 seconds.
  path: Assets/CreditPopup.cs
  artifactKey: Guid(a56d06fd2302e994c8c32cd41ae0b00a) Importer(815301076,1909f56bfc062723c751e8b465ee728b)
Start importing Assets/CreditPopup.cs using Guid(a56d06fd2302e994c8c32cd41ae0b00a) Importer(815301076,1909f56bfc062723c751e8b465ee728b) (PreviewImporter) -> (artifact id: '00000000000000000000000000000000') in 0.0007383 seconds
Import Error Code:(4)
Message: Build asset version error: assets/creditpopup.cs in SourceAssetDB has modification time of '2025-02-25T15:35:08.7961696Z' while content on disk has modification time of '2025-02-25T15:35:31.648895Z'
  ERROR: Build asset version error: assets/creditpopup.cs in SourceAssetDB has modification time of '2025-02-25T15:35:08.7961696Z' while content on disk has modification time of '2025-02-25T15:35:31.648895Z'
Number of updated asset objects reloaded before import = 0Number of asset objects unloaded after import = 0

========================================================================
Received Import Request.
  Time since last request: 0.000018 seconds.
  path: Assets/CreditPopup.cs
  artifactKey: Guid(a56d06fd2302e994c8c32cd41ae0b00a) Importer(815301076,1909f56bfc062723c751e8b465ee728b)
Start importing Assets/CreditPopup.cs using Guid(a56d06fd2302e994c8c32cd41ae0b00a) Importer(815301076,1909f56bfc062723c751e8b465ee728b) (PreviewImporter) -> (artifact id: '00000000000000000000000000000000') in 0.0010404 seconds
Import Error Code:(4)
Message: Build asset version error: assets/creditpopup.cs in SourceAssetDB has modification time of '2025-02-25T15:35:08.7961696Z' while content on disk has modification time of '2025-02-25T15:35:31.648895Z'
  ERROR: Build asset version error: assets/creditpopup.cs in SourceAssetDB has modification time of '2025-02-25T15:35:08.7961696Z' while content on disk has modification time of '2025-02-25T15:35:31.648895Z'
Number of updated asset objects reloaded before import = 0Number of asset objects unloaded after import = 0

========================================================================
Received Import Request.
  Time since last request: 0.000019 seconds.
  path: Assets/CreditPopup.cs
  artifactKey: Guid(a56d06fd2302e994c8c32cd41ae0b00a) Importer(815301076,1909f56bfc062723c751e8b465ee728b)
Start importing Assets/CreditPopup.cs using Guid(a56d06fd2302e994c8c32cd41ae0b00a) Importer(815301076,1909f56bfc062723c751e8b465ee728b) (PreviewImporter) -> (artifact id: '00000000000000000000000000000000') in 0.0005334 seconds
Import Error Code:(4)
Message: Build asset version error: assets/creditpopup.cs in SourceAssetDB has modification time of '2025-02-25T15:35:08.7961696Z' while content on disk has modification time of '2025-02-25T15:35:31.648895Z'
  ERROR: Build asset version error: assets/creditpopup.cs in SourceAssetDB has modification time of '2025-02-25T15:35:08.7961696Z' while content on disk has modification time of '2025-02-25T15:35:31.648895Z'
Number of updated asset objects reloaded before import = 0Number of asset objects unloaded after import = 0

========================================================================
Received Import Request.
  Time since last request: 0.000016 seconds.
  path: Assets/CreditPopup.cs
  artifactKey: Guid(a56d06fd2302e994c8c32cd41ae0b00a) Importer(815301076,1909f56bfc062723c751e8b465ee728b)
Start importing Assets/CreditPopup.cs using Guid(a56d06fd2302e994c8c32cd41ae0b00a) Importer(815301076,1909f56bfc062723c751e8b465ee728b) (PreviewImporter) -> (artifact id: '00000000000000000000000000000000') in 0.0007481 seconds
Import Error Code:(4)
Message: Build asset version error: assets/creditpopup.cs in SourceAssetDB has modification time of '2025-02-25T15:35:08.7961696Z' while content on disk has modification time of '2025-02-25T15:35:31.648895Z'
  ERROR: Build asset version error: assets/creditpopup.cs in SourceAssetDB has modification time of '2025-02-25T15:35:08.7961696Z' while content on disk has modification time of '2025-02-25T15:35:31.648895Z'
Number of updated asset objects reloaded before import = 0Number of asset objects unloaded after import = 0

========================================================================
Received Import Request.
  Time since last request: 0.000016 seconds.
  path: Assets/CreditPopup.cs
  artifactKey: Guid(a56d06fd2302e994c8c32cd41ae0b00a) Importer(815301076,1909f56bfc062723c751e8b465ee728b)
Start importing Assets/CreditPopup.cs using Guid(a56d06fd2302e994c8c32cd41ae0b00a) Importer(815301076,1909f56bfc062723c751e8b465ee728b) (PreviewImporter) -> (artifact id: '00000000000000000000000000000000') in 0.0006685 seconds
Import Error Code:(4)
Message: Build asset version error: assets/creditpopup.cs in SourceAssetDB has modification time of '2025-02-25T15:35:08.7961696Z' while content on disk has modification time of '2025-02-25T15:35:31.648895Z'
  ERROR: Build asset version error: assets/creditpopup.cs in SourceAssetDB has modification time of '2025-02-25T15:35:08.7961696Z' while content on disk has modification time of '2025-02-25T15:35:31.648895Z'
Number of updated asset objects reloaded before import = 0Number of asset objects unloaded after import = 0

========================================================================
Received Import Request.
  Time since last request: 0.000018 seconds.
  path: Assets/CreditPopup.cs
  artifactKey: Guid(a56d06fd2302e994c8c32cd41ae0b00a) Importer(815301076,1909f56bfc062723c751e8b465ee728b)
Start importing Assets/CreditPopup.cs using Guid(a56d06fd2302e994c8c32cd41ae0b00a) Importer(815301076,1909f56bfc062723c751e8b465ee728b) (PreviewImporter) -> (artifact id: '00000000000000000000000000000000') in 0.0005176 seconds
Import Error Code:(4)
Message: Build asset version error: assets/creditpopup.cs in SourceAssetDB has modification time of '2025-02-25T15:35:08.7961696Z' while content on disk has modification time of '2025-02-25T15:35:31.648895Z'
  ERROR: Build asset version error: assets/creditpopup.cs in SourceAssetDB has modification time of '2025-02-25T15:35:08.7961696Z' while content on disk has modification time of '2025-02-25T15:35:31.648895Z'
Number of updated asset objects reloaded before import = 0Number of asset objects unloaded after import = 0

========================================================================
Received Import Request.
  Time since last request: 0.000026 seconds.
  path: Assets/CreditPopup.cs
  artifactKey: Guid(a56d06fd2302e994c8c32cd41ae0b00a) Importer(815301076,1909f56bfc062723c751e8b465ee728b)
Start importing Assets/CreditPopup.cs using Guid(a56d06fd2302e994c8c32cd41ae0b00a) Importer(815301076,1909f56bfc062723c751e8b465ee728b) (PreviewImporter) -> (artifact id: '00000000000000000000000000000000') in 0.0005494 seconds
Import Error Code:(4)
Message: Build asset version error: assets/creditpopup.cs in SourceAssetDB has modification time of '2025-02-25T15:35:08.7961696Z' while content on disk has modification time of '2025-02-25T15:35:31.648895Z'
  ERROR: Build asset version error: assets/creditpopup.cs in SourceAssetDB has modification time of '2025-02-25T15:35:08.7961696Z' while content on disk has modification time of '2025-02-25T15:35:31.648895Z'
Number of updated asset objects reloaded before import = 0Number of asset objects unloaded after import = 0

========================================================================
Received Import Request.
  Time since last request: 0.000112 seconds.
  path: Assets/CreditPopup.cs
  artifactKey: Guid(a56d06fd2302e994c8c32cd41ae0b00a) Importer(815301076,1909f56bfc062723c751e8b465ee728b)
Start importing Assets/CreditPopup.cs using Guid(a56d06fd2302e994c8c32cd41ae0b00a) Importer(815301076,1909f56bfc062723c751e8b465ee728b) (PreviewImporter) -> (artifact id: '00000000000000000000000000000000') in 0.0007239 seconds
Import Error Code:(4)
Message: Build asset version error: assets/creditpopup.cs in SourceAssetDB has modification time of '2025-02-25T15:35:08.7961696Z' while content on disk has modification time of '2025-02-25T15:35:31.648895Z'
  ERROR: Build asset version error: assets/creditpopup.cs in SourceAssetDB has modification time of '2025-02-25T15:35:08.7961696Z' while content on disk has modification time of '2025-02-25T15:35:31.648895Z'
Number of updated asset objects reloaded before import = 0Number of asset objects unloaded after import = 0

========================================================================
Received Import Request.
  Time since last request: 0.000037 seconds.
  path: Assets/CreditPopup.cs
  artifactKey: Guid(a56d06fd2302e994c8c32cd41ae0b00a) Importer(815301076,1909f56bfc062723c751e8b465ee728b)
Start importing Assets/CreditPopup.cs using Guid(a56d06fd2302e994c8c32cd41ae0b00a) Importer(815301076,1909f56bfc062723c751e8b465ee728b) (PreviewImporter) -> (artifact id: '00000000000000000000000000000000') in 0.0005444 seconds
Import Error Code:(4)
Message: Build asset version error: assets/creditpopup.cs in SourceAssetDB has modification time of '2025-02-25T15:35:08.7961696Z' while content on disk has modification time of '2025-02-25T15:35:31.648895Z'
  ERROR: Build asset version error: assets/creditpopup.cs in SourceAssetDB has modification time of '2025-02-25T15:35:08.7961696Z' while content on disk has modification time of '2025-02-25T15:35:31.648895Z'
Number of updated asset objects reloaded before import = 0Number of asset objects unloaded after import = 0

========================================================================
Received Import Request.
  Time since last request: 0.000016 seconds.
  path: Assets/CreditPopup.cs
  artifactKey: Guid(a56d06fd2302e994c8c32cd41ae0b00a) Importer(815301076,1909f56bfc062723c751e8b465ee728b)
Start importing Assets/CreditPopup.cs using Guid(a56d06fd2302e994c8c32cd41ae0b00a) Importer(815301076,1909f56bfc062723c751e8b465ee728b) (PreviewImporter) -> (artifact id: '00000000000000000000000000000000') in 0.0005217 seconds
Import Error Code:(4)
Message: Build asset version error: assets/creditpopup.cs in SourceAssetDB has modification time of '2025-02-25T15:35:08.7961696Z' while content on disk has modification time of '2025-02-25T15:35:31.648895Z'
  ERROR: Build asset version error: assets/creditpopup.cs in SourceAssetDB has modification time of '2025-02-25T15:35:08.7961696Z' while content on disk has modification time of '2025-02-25T15:35:31.648895Z'
Number of updated asset objects reloaded before import = 0Number of asset objects unloaded after import = 0

========================================================================
Received Import Request.
  Time since last request: 0.000028 seconds.
  path: Assets/CreditPopup.cs
  artifactKey: Guid(a56d06fd2302e994c8c32cd41ae0b00a) Importer(815301076,1909f56bfc062723c751e8b465ee728b)
Start importing Assets/CreditPopup.cs using Guid(a56d06fd2302e994c8c32cd41ae0b00a) Importer(815301076,1909f56bfc062723c751e8b465ee728b) (PreviewImporter) -> (artifact id: '00000000000000000000000000000000') in 0.0007042 seconds
Import Error Code:(4)
Message: Build asset version error: assets/creditpopup.cs in SourceAssetDB has modification time of '2025-02-25T15:35:08.7961696Z' while content on disk has modification time of '2025-02-25T15:35:31.648895Z'
  ERROR: Build asset version error: assets/creditpopup.cs in SourceAssetDB has modification time of '2025-02-25T15:35:08.7961696Z' while content on disk has modification time of '2025-02-25T15:35:31.648895Z'
Number of updated asset objects reloaded before import = 0Number of asset objects unloaded after import = 0

========================================================================
Received Import Request.
  Time since last request: 0.000015 seconds.
  path: Assets/CreditPopup.cs
  artifactKey: Guid(a56d06fd2302e994c8c32cd41ae0b00a) Importer(815301076,1909f56bfc062723c751e8b465ee728b)
Start importing Assets/CreditPopup.cs using Guid(a56d06fd2302e994c8c32cd41ae0b00a) Importer(815301076,1909f56bfc062723c751e8b465ee728b) (PreviewImporter) -> (artifact id: '00000000000000000000000000000000') in 0.0006073 seconds
Import Error Code:(4)
Message: Build asset version error: assets/creditpopup.cs in SourceAssetDB has modification time of '2025-02-25T15:35:08.7961696Z' while content on disk has modification time of '2025-02-25T15:35:31.648895Z'
  ERROR: Build asset version error: assets/creditpopup.cs in SourceAssetDB has modification time of '2025-02-25T15:35:08.7961696Z' while content on disk has modification time of '2025-02-25T15:35:31.648895Z'
Number of updated asset objects reloaded before import = 0Number of asset objects unloaded after import = 0

========================================================================
Received Import Request.
  Time since last request: 0.000023 seconds.
  path: Assets/CreditPopup.cs
  artifactKey: Guid(a56d06fd2302e994c8c32cd41ae0b00a) Importer(815301076,1909f56bfc062723c751e8b465ee728b)
Start importing Assets/CreditPopup.cs using Guid(a56d06fd2302e994c8c32cd41ae0b00a) Importer(815301076,1909f56bfc062723c751e8b465ee728b) (PreviewImporter) -> (artifact id: '00000000000000000000000000000000') in 0.0007616 seconds
Import Error Code:(4)
Message: Build asset version error: assets/creditpopup.cs in SourceAssetDB has modification time of '2025-02-25T15:35:08.7961696Z' while content on disk has modification time of '2025-02-25T15:35:31.648895Z'
  ERROR: Build asset version error: assets/creditpopup.cs in SourceAssetDB has modification time of '2025-02-25T15:35:08.7961696Z' while content on disk has modification time of '2025-02-25T15:35:31.648895Z'
Number of updated asset objects reloaded before import = 0Number of asset objects unloaded after import = 0

========================================================================
Received Import Request.
  Time since last request: 0.000022 seconds.
  path: Assets/CreditPopup.cs
  artifactKey: Guid(a56d06fd2302e994c8c32cd41ae0b00a) Importer(815301076,1909f56bfc062723c751e8b465ee728b)
Start importing Assets/CreditPopup.cs using Guid(a56d06fd2302e994c8c32cd41ae0b00a) Importer(815301076,1909f56bfc062723c751e8b465ee728b) (PreviewImporter) -> (artifact id: '00000000000000000000000000000000') in 0.0008323 seconds
Import Error Code:(4)
Message: Build asset version error: assets/creditpopup.cs in SourceAssetDB has modification time of '2025-02-25T15:35:08.7961696Z' while content on disk has modification time of '2025-02-25T15:35:31.648895Z'
  ERROR: Build asset version error: assets/creditpopup.cs in SourceAssetDB has modification time of '2025-02-25T15:35:08.7961696Z' while content on disk has modification time of '2025-02-25T15:35:31.648895Z'
Number of updated asset objects reloaded before import = 0Number of asset objects unloaded after import = 0

========================================================================
Received Import Request.
  Time since last request: 0.000032 seconds.
  path: Assets/CreditPopup.cs
  artifactKey: Guid(a56d06fd2302e994c8c32cd41ae0b00a) Importer(815301076,1909f56bfc062723c751e8b465ee728b)
Start importing Assets/CreditPopup.cs using Guid(a56d06fd2302e994c8c32cd41ae0b00a) Importer(815301076,1909f56bfc062723c751e8b465ee728b) (PreviewImporter) -> (artifact id: '00000000000000000000000000000000') in 0.0010163 seconds
Import Error Code:(4)
Message: Build asset version error: assets/creditpopup.cs in SourceAssetDB has modification time of '2025-02-25T15:35:08.7961696Z' while content on disk has modification time of '2025-02-25T15:35:31.648895Z'
  ERROR: Build asset version error: assets/creditpopup.cs in SourceAssetDB has modification time of '2025-02-25T15:35:08.7961696Z' while content on disk has modification time of '2025-02-25T15:35:31.648895Z'
Number of updated asset objects reloaded before import = 0Number of asset objects unloaded after import = 0

========================================================================
Received Import Request.
  Time since last request: 0.000017 seconds.
  path: Assets/CreditPopup.cs
  artifactKey: Guid(a56d06fd2302e994c8c32cd41ae0b00a) Importer(815301076,1909f56bfc062723c751e8b465ee728b)
Start importing Assets/CreditPopup.cs using Guid(a56d06fd2302e994c8c32cd41ae0b00a) Importer(815301076,1909f56bfc062723c751e8b465ee728b) (PreviewImporter) -> (artifact id: '00000000000000000000000000000000') in 0.0007008 seconds
Import Error Code:(4)
Message: Build asset version error: assets/creditpopup.cs in SourceAssetDB has modification time of '2025-02-25T15:35:08.7961696Z' while content on disk has modification time of '2025-02-25T15:35:31.648895Z'
  ERROR: Build asset version error: assets/creditpopup.cs in SourceAssetDB has modification time of '2025-02-25T15:35:08.7961696Z' while content on disk has modification time of '2025-02-25T15:35:31.648895Z'
Number of updated asset objects reloaded before import = 0Number of asset objects unloaded after import = 0

========================================================================
Received Import Request.
  Time since last request: 0.000036 seconds.
  path: Assets/CreditPopup.cs
  artifactKey: Guid(a56d06fd2302e994c8c32cd41ae0b00a) Importer(815301076,1909f56bfc062723c751e8b465ee728b)
Start importing Assets/CreditPopup.cs using Guid(a56d06fd2302e994c8c32cd41ae0b00a) Importer(815301076,1909f56bfc062723c751e8b465ee728b) (PreviewImporter) -> (artifact id: '00000000000000000000000000000000') in 0.0005182 seconds
Import Error Code:(4)
Message: Build asset version error: assets/creditpopup.cs in SourceAssetDB has modification time of '2025-02-25T15:35:08.7961696Z' while content on disk has modification time of '2025-02-25T15:35:31.648895Z'
  ERROR: Build asset version error: assets/creditpopup.cs in SourceAssetDB has modification time of '2025-02-25T15:35:08.7961696Z' while content on disk has modification time of '2025-02-25T15:35:31.648895Z'
Number of updated asset objects reloaded before import = 0Number of asset objects unloaded after import = 0

========================================================================
Received Import Request.
  Time since last request: 0.000029 seconds.
  path: Assets/CreditPopup.cs
  artifactKey: Guid(a56d06fd2302e994c8c32cd41ae0b00a) Importer(815301076,1909f56bfc062723c751e8b465ee728b)
Start importing Assets/CreditPopup.cs using Guid(a56d06fd2302e994c8c32cd41ae0b00a) Importer(815301076,1909f56bfc062723c751e8b465ee728b) (PreviewImporter) -> (artifact id: '00000000000000000000000000000000') in 0.0010608 seconds
Import Error Code:(4)
Message: Build asset version error: assets/creditpopup.cs in SourceAssetDB has modification time of '2025-02-25T15:35:08.7961696Z' while content on disk has modification time of '2025-02-25T15:35:31.648895Z'
  ERROR: Build asset version error: assets/creditpopup.cs in SourceAssetDB has modification time of '2025-02-25T15:35:08.7961696Z' while content on disk has modification time of '2025-02-25T15:35:31.648895Z'
Number of updated asset objects reloaded before import = 0Number of asset objects unloaded after import = 0

========================================================================
Received Import Request.
  Time since last request: 0.000019 seconds.
  path: Assets/CreditPopup.cs
  artifactKey: Guid(a56d06fd2302e994c8c32cd41ae0b00a) Importer(815301076,1909f56bfc062723c751e8b465ee728b)
Start importing Assets/CreditPopup.cs using Guid(a56d06fd2302e994c8c32cd41ae0b00a) Importer(815301076,1909f56bfc062723c751e8b465ee728b) (PreviewImporter) -> (artifact id: '00000000000000000000000000000000') in 0.0006032 seconds
Import Error Code:(4)
Message: Build asset version error: assets/creditpopup.cs in SourceAssetDB has modification time of '2025-02-25T15:35:08.7961696Z' while content on disk has modification time of '2025-02-25T15:35:31.648895Z'
  ERROR: Build asset version error: assets/creditpopup.cs in SourceAssetDB has modification time of '2025-02-25T15:35:08.7961696Z' while content on disk has modification time of '2025-02-25T15:35:31.648895Z'
Number of updated asset objects reloaded before import = 0Number of asset objects unloaded after import = 0

========================================================================
Received Prepare
Begin MonoManager ReloadAssembly
- Loaded All Assemblies, in  0.708 seconds
Refreshing native plugins compatible for Editor in 1.23 ms, found 4 plugins.
Native extension for WindowsStandalone target not found
Native extension for WebGL target not found
Mono: successfully reloaded assembly
- Finished resetting the current domain, in  0.744 seconds
Domain Reload Profiling: 1450ms
	BeginReloadAssembly (172ms)
		ExecutionOrderSort (0ms)
		DisableScriptedObjects (11ms)
		BackupInstance (0ms)
		ReleaseScriptingObjects (0ms)
		CreateAndSetChildDomain (48ms)
	RebuildCommonClasses (35ms)
	RebuildNativeTypeToScriptingClass (12ms)
	initialDomainReloadingComplete (34ms)
	LoadAllAssembliesAndSetupDomain (452ms)
		LoadAssemblies (340ms)
		RebuildTransferFunctionScriptingTraits (0ms)
		AnalyzeDomain (182ms)
			TypeCache.Refresh (10ms)
				TypeCache.ScanAssembly (1ms)
			BuildScriptInfoCaches (158ms)
			ResolveRequiredComponents (11ms)
	FinalizeReload (745ms)
		ReleaseScriptCaches (0ms)
		RebuildScriptCaches (0ms)
		SetupLoadedEditorAssemblies (540ms)
			LogAssemblyErrors (0ms)
			InitializePlatformSupportModulesInManaged (3ms)
			SetLoadedEditorAssemblies (5ms)
			BeforeProcessingInitializeOnLoad (130ms)
			ProcessInitializeOnLoadAttributes (338ms)
			ProcessInitializeOnLoadMethodAttributes (58ms)
			AfterProcessingInitializeOnLoad (5ms)
			EditorAssembliesLoaded (1ms)
		ExecutionOrderSort2 (0ms)
		AwakeInstancesAfterBackupRestoration (12ms)
Refreshing native plugins compatible for Editor in 1.72 ms, found 4 plugins.
Preloading 0 native plugins for Editor in 0.00 ms.
Unloading 40 Unused Serialized files (Serialized files now loaded: 0)
Unloading 6612 unused Assets / (7.0 MB). Loaded Objects now: 7294.
Memory consumption went from 158.9 MB to 151.9 MB.
Total: 9.332000 ms (FindLiveObjects: 0.664000 ms CreateObjectMapping: 0.526400 ms MarkObjects: 4.531700 ms  DeleteObjects: 3.608200 ms)

Prepare: number of updated asset objects reloaded= 0
========================================================================
Received Import Request.
  Time since last request: 5.956541 seconds.
  path: Assets/CreditPopup.cs
  artifactKey: Guid(a56d06fd2302e994c8c32cd41ae0b00a) Importer(815301076,1909f56bfc062723c751e8b465ee728b)
Start importing Assets/CreditPopup.cs using Guid(a56d06fd2302e994c8c32cd41ae0b00a) Importer(815301076,1909f56bfc062723c751e8b465ee728b) (PreviewImporter) -> (artifact id: 'a6391bcf4712cda76d53826223e186a6') in 0.0034773 seconds
Number of updated asset objects reloaded before import = 0Number of asset objects unloaded after import = 0

========================================================================
Received Prepare
Begin MonoManager ReloadAssembly
- Loaded All Assemblies, in  0.645 seconds
Refreshing native plugins compatible for Editor in 1.27 ms, found 4 plugins.
Native extension for WindowsStandalone target not found
Native extension for WebGL target not found
Mono: successfully reloaded assembly
- Finished resetting the current domain, in  0.647 seconds
Domain Reload Profiling: 1293ms
	BeginReloadAssembly (172ms)
		ExecutionOrderSort (0ms)
		DisableScriptedObjects (12ms)
		BackupInstance (0ms)
		ReleaseScriptingObjects (0ms)
		CreateAndSetChildDomain (56ms)
	RebuildCommonClasses (31ms)
	RebuildNativeTypeToScriptingClass (11ms)
	initialDomainReloadingComplete (25ms)
	LoadAllAssembliesAndSetupDomain (406ms)
		LoadAssemblies (298ms)
		RebuildTransferFunctionScriptingTraits (0ms)
		AnalyzeDomain (172ms)
			TypeCache.Refresh (7ms)
				TypeCache.ScanAssembly (0ms)
			BuildScriptInfoCaches (152ms)
			ResolveRequiredComponents (10ms)
	FinalizeReload (647ms)
		ReleaseScriptCaches (0ms)
		RebuildScriptCaches (0ms)
		SetupLoadedEditorAssemblies (477ms)
			LogAssemblyErrors (0ms)
			InitializePlatformSupportModulesInManaged (3ms)
			SetLoadedEditorAssemblies (4ms)
			BeforeProcessingInitializeOnLoad (91ms)
			ProcessInitializeOnLoadAttributes (321ms)
			ProcessInitializeOnLoadMethodAttributes (54ms)
			AfterProcessingInitializeOnLoad (4ms)
			EditorAssembliesLoaded (0ms)
		ExecutionOrderSort2 (0ms)
		AwakeInstancesAfterBackupRestoration (10ms)
Refreshing native plugins compatible for Editor in 1.32 ms, found 4 plugins.
Preloading 0 native plugins for Editor in 0.00 ms.
Unloading 40 Unused Serialized files (Serialized files now loaded: 0)
Unloading 6612 unused Assets / (7.3 MB). Loaded Objects now: 7296.
Memory consumption went from 158.9 MB to 151.6 MB.
Total: 9.204500 ms (FindLiveObjects: 0.601400 ms CreateObjectMapping: 0.711100 ms MarkObjects: 4.527800 ms  DeleteObjects: 3.362500 ms)

Prepare: number of updated asset objects reloaded= 0
========================================================================
Received Prepare
Begin MonoManager ReloadAssembly
- Loaded All Assemblies, in  0.707 seconds
Refreshing native plugins compatible for Editor in 1.30 ms, found 4 plugins.
Native extension for WindowsStandalone target not found
Native extension for WebGL target not found
Mono: successfully reloaded assembly
- Finished resetting the current domain, in  0.696 seconds
Domain Reload Profiling: 1403ms
	BeginReloadAssembly (195ms)
		ExecutionOrderSort (0ms)
		DisableScriptedObjects (15ms)
		BackupInstance (0ms)
		ReleaseScriptingObjects (0ms)
		CreateAndSetChildDomain (52ms)
	RebuildCommonClasses (31ms)
	RebuildNativeTypeToScriptingClass (12ms)
	initialDomainReloadingComplete (27ms)
	LoadAllAssembliesAndSetupDomain (440ms)
		LoadAssemblies (337ms)
		RebuildTransferFunctionScriptingTraits (0ms)
		AnalyzeDomain (178ms)
			TypeCache.Refresh (8ms)
				TypeCache.ScanAssembly (0ms)
			BuildScriptInfoCaches (157ms)
			ResolveRequiredComponents (10ms)
	FinalizeReload (697ms)
		ReleaseScriptCaches (0ms)
		RebuildScriptCaches (0ms)
		SetupLoadedEditorAssemblies (520ms)
			LogAssemblyErrors (0ms)
			InitializePlatformSupportModulesInManaged (3ms)
			SetLoadedEditorAssemblies (5ms)
			BeforeProcessingInitializeOnLoad (102ms)
			ProcessInitializeOnLoadAttributes (337ms)
			ProcessInitializeOnLoadMethodAttributes (66ms)
			AfterProcessingInitializeOnLoad (6ms)
			EditorAssembliesLoaded (0ms)
		ExecutionOrderSort2 (0ms)
		AwakeInstancesAfterBackupRestoration (12ms)
Refreshing native plugins compatible for Editor in 1.57 ms, found 4 plugins.
Preloading 0 native plugins for Editor in 0.00 ms.
Unloading 40 Unused Serialized files (Serialized files now loaded: 0)
Unloading 6612 unused Assets / (7.3 MB). Loaded Objects now: 7298.
Memory consumption went from 158.9 MB to 151.6 MB.
Total: 9.225900 ms (FindLiveObjects: 0.650700 ms CreateObjectMapping: 0.578800 ms MarkObjects: 4.529400 ms  DeleteObjects: 3.465900 ms)

Prepare: number of updated asset objects reloaded= 0
========================================================================
Received Prepare
Begin MonoManager ReloadAssembly
- Loaded All Assemblies, in  0.617 seconds
Refreshing native plugins compatible for Editor in 1.52 ms, found 4 plugins.
Native extension for WindowsStandalone target not found
Native extension for WebGL target not found
Mono: successfully reloaded assembly
- Finished resetting the current domain, in  0.634 seconds
Domain Reload Profiling: 1250ms
	BeginReloadAssembly (153ms)
		ExecutionOrderSort (0ms)
		DisableScriptedObjects (12ms)
		BackupInstance (0ms)
		ReleaseScriptingObjects (0ms)
		CreateAndSetChildDomain (43ms)
	RebuildCommonClasses (29ms)
	RebuildNativeTypeToScriptingClass (11ms)
	initialDomainReloadingComplete (26ms)
	LoadAllAssembliesAndSetupDomain (397ms)
		LoadAssemblies (289ms)
		RebuildTransferFunctionScriptingTraits (0ms)
		AnalyzeDomain (165ms)
			TypeCache.Refresh (7ms)
				TypeCache.ScanAssembly (0ms)
			BuildScriptInfoCaches (145ms)
			ResolveRequiredComponents (9ms)
	FinalizeReload (635ms)
		ReleaseScriptCaches (0ms)
		RebuildScriptCaches (0ms)
		SetupLoadedEditorAssemblies (466ms)
			LogAssemblyErrors (0ms)
			InitializePlatformSupportModulesInManaged (3ms)
			SetLoadedEditorAssemblies (3ms)
			BeforeProcessingInitializeOnLoad (97ms)
			ProcessInitializeOnLoadAttributes (309ms)
			ProcessInitializeOnLoadMethodAttributes (49ms)
			AfterProcessingInitializeOnLoad (4ms)
			EditorAssembliesLoaded (0ms)
		ExecutionOrderSort2 (0ms)
		AwakeInstancesAfterBackupRestoration (11ms)
Refreshing native plugins compatible for Editor in 1.81 ms, found 4 plugins.
Preloading 0 native plugins for Editor in 0.00 ms.
Unloading 40 Unused Serialized files (Serialized files now loaded: 0)
Unloading 6612 unused Assets / (7.6 MB). Loaded Objects now: 7300.
Memory consumption went from 158.9 MB to 151.3 MB.
Total: 10.062000 ms (FindLiveObjects: 0.690800 ms CreateObjectMapping: 0.505700 ms MarkObjects: 4.585000 ms  DeleteObjects: 4.279300 ms)

Prepare: number of updated asset objects reloaded= 0
========================================================================
Received Prepare
Begin MonoManager ReloadAssembly
- Loaded All Assemblies, in  0.633 seconds
Refreshing native plugins compatible for Editor in 1.73 ms, found 4 plugins.
Native extension for WindowsStandalone target not found
Native extension for WebGL target not found
Mono: successfully reloaded assembly
- Finished resetting the current domain, in  0.719 seconds
Domain Reload Profiling: 1351ms
	BeginReloadAssembly (156ms)
		ExecutionOrderSort (0ms)
		DisableScriptedObjects (11ms)
		BackupInstance (0ms)
		ReleaseScriptingObjects (0ms)
		CreateAndSetChildDomain (41ms)
	RebuildCommonClasses (29ms)
	RebuildNativeTypeToScriptingClass (11ms)
	initialDomainReloadingComplete (25ms)
	LoadAllAssembliesAndSetupDomain (411ms)
		LoadAssemblies (310ms)
		RebuildTransferFunctionScriptingTraits (0ms)
		AnalyzeDomain (167ms)
			TypeCache.Refresh (8ms)
				TypeCache.ScanAssembly (0ms)
			BuildScriptInfoCaches (147ms)
			ResolveRequiredComponents (9ms)
	FinalizeReload (720ms)
		ReleaseScriptCaches (0ms)
		RebuildScriptCaches (0ms)
		SetupLoadedEditorAssemblies (548ms)
			LogAssemblyErrors (0ms)
			InitializePlatformSupportModulesInManaged (3ms)
			SetLoadedEditorAssemblies (5ms)
			BeforeProcessingInitializeOnLoad (107ms)
			ProcessInitializeOnLoadAttributes (342ms)
			ProcessInitializeOnLoadMethodAttributes (85ms)
			AfterProcessingInitializeOnLoad (5ms)
			EditorAssembliesLoaded (0ms)
		ExecutionOrderSort2 (0ms)
		AwakeInstancesAfterBackupRestoration (13ms)
Refreshing native plugins compatible for Editor in 1.60 ms, found 4 plugins.
Preloading 0 native plugins for Editor in 0.00 ms.
Unloading 40 Unused Serialized files (Serialized files now loaded: 0)
Unloading 6612 unused Assets / (7.8 MB). Loaded Objects now: 7302.
Memory consumption went from 158.9 MB to 151.1 MB.
Total: 11.111000 ms (FindLiveObjects: 0.695300 ms CreateObjectMapping: 0.873800 ms MarkObjects: 4.948200 ms  DeleteObjects: 4.591700 ms)

Prepare: number of updated asset objects reloaded= 0
========================================================================
Received Prepare
Begin MonoManager ReloadAssembly
- Loaded All Assemblies, in  0.609 seconds
Refreshing native plugins compatible for Editor in 1.39 ms, found 4 plugins.
Native extension for WindowsStandalone target not found
Native extension for WebGL target not found
Mono: successfully reloaded assembly
- Finished resetting the current domain, in  0.668 seconds
Domain Reload Profiling: 1278ms
	BeginReloadAssembly (151ms)
		ExecutionOrderSort (0ms)
		DisableScriptedObjects (12ms)
		BackupInstance (0ms)
		ReleaseScriptingObjects (0ms)
		CreateAndSetChildDomain (42ms)
	RebuildCommonClasses (28ms)
	RebuildNativeTypeToScriptingClass (10ms)
	initialDomainReloadingComplete (24ms)
	LoadAllAssembliesAndSetupDomain (396ms)
		LoadAssemblies (282ms)
		RebuildTransferFunctionScriptingTraits (0ms)
		AnalyzeDomain (173ms)
			TypeCache.Refresh (7ms)
				TypeCache.ScanAssembly (0ms)
			BuildScriptInfoCaches (146ms)
			ResolveRequiredComponents (16ms)
	FinalizeReload (668ms)
		ReleaseScriptCaches (0ms)
		RebuildScriptCaches (0ms)
		SetupLoadedEditorAssemblies (493ms)
			LogAssemblyErrors (0ms)
			InitializePlatformSupportModulesInManaged (3ms)
			SetLoadedEditorAssemblies (5ms)
			BeforeProcessingInitializeOnLoad (98ms)
			ProcessInitializeOnLoadAttributes (321ms)
			ProcessInitializeOnLoadMethodAttributes (62ms)
			AfterProcessingInitializeOnLoad (5ms)
			EditorAssembliesLoaded (0ms)
		ExecutionOrderSort2 (0ms)
		AwakeInstancesAfterBackupRestoration (12ms)
Refreshing native plugins compatible for Editor in 1.51 ms, found 4 plugins.
Preloading 0 native plugins for Editor in 0.00 ms.
Unloading 40 Unused Serialized files (Serialized files now loaded: 0)
Unloading 6612 unused Assets / (7.4 MB). Loaded Objects now: 7304.
Memory consumption went from 159.0 MB to 151.6 MB.
Total: 10.557200 ms (FindLiveObjects: 0.641400 ms CreateObjectMapping: 0.654200 ms MarkObjects: 4.720800 ms  DeleteObjects: 4.539300 ms)

Prepare: number of updated asset objects reloaded= 0
========================================================================
Received Prepare
Begin MonoManager ReloadAssembly
- Loaded All Assemblies, in  0.718 seconds
Refreshing native plugins compatible for Editor in 1.19 ms, found 4 plugins.
Native extension for WindowsStandalone target not found
Native extension for WebGL target not found
Mono: successfully reloaded assembly
- Finished resetting the current domain, in  0.783 seconds
Domain Reload Profiling: 1498ms
	BeginReloadAssembly (209ms)
		ExecutionOrderSort (0ms)
		DisableScriptedObjects (21ms)
		BackupInstance (0ms)
		ReleaseScriptingObjects (0ms)
		CreateAndSetChildDomain (61ms)
	RebuildCommonClasses (38ms)
	RebuildNativeTypeToScriptingClass (15ms)
	initialDomainReloadingComplete (28ms)
	LoadAllAssembliesAndSetupDomain (425ms)
		LoadAssemblies (327ms)
		RebuildTransferFunctionScriptingTraits (0ms)
		AnalyzeDomain (173ms)
			TypeCache.Refresh (10ms)
				TypeCache.ScanAssembly (1ms)
			BuildScriptInfoCaches (150ms)
			ResolveRequiredComponents (9ms)
	FinalizeReload (783ms)
		ReleaseScriptCaches (0ms)
		RebuildScriptCaches (0ms)
		SetupLoadedEditorAssemblies (593ms)
			LogAssemblyErrors (0ms)
			InitializePlatformSupportModulesInManaged (4ms)
			SetLoadedEditorAssemblies (6ms)
			BeforeProcessingInitializeOnLoad (128ms)
			ProcessInitializeOnLoadAttributes (387ms)
			ProcessInitializeOnLoadMethodAttributes (64ms)
			AfterProcessingInitializeOnLoad (4ms)
			EditorAssembliesLoaded (0ms)
		ExecutionOrderSort2 (0ms)
		AwakeInstancesAfterBackupRestoration (13ms)
Refreshing native plugins compatible for Editor in 1.63 ms, found 4 plugins.
Preloading 0 native plugins for Editor in 0.00 ms.
Unloading 40 Unused Serialized files (Serialized files now loaded: 0)
Unloading 6612 unused Assets / (7.4 MB). Loaded Objects now: 7306.
Memory consumption went from 158.9 MB to 151.5 MB.
Total: 9.506800 ms (FindLiveObjects: 0.618600 ms CreateObjectMapping: 0.533700 ms MarkObjects: 4.657500 ms  DeleteObjects: 3.695400 ms)

Prepare: number of updated asset objects reloaded= 0
========================================================================
Received Import Request.
  Time since last request: 441.923775 seconds.
  path: Assets/CreditPopup.cs
  artifactKey: Guid(a56d06fd2302e994c8c32cd41ae0b00a) Importer(815301076,1909f56bfc062723c751e8b465ee728b)
Start importing Assets/CreditPopup.cs using Guid(a56d06fd2302e994c8c32cd41ae0b00a) Importer(815301076,1909f56bfc062723c751e8b465ee728b) (PreviewImporter) -> (artifact id: 'a183edae89e306a404b3c816c5f87950') in 0.0142676 seconds
Number of updated asset objects reloaded before import = 0Number of asset objects unloaded after import = 0

========================================================================
Received Prepare
Begin MonoManager ReloadAssembly
- Loaded All Assemblies, in  0.614 seconds
Refreshing native plugins compatible for Editor in 2.05 ms, found 4 plugins.
Native extension for WindowsStandalone target not found
Native extension for WebGL target not found
Mono: successfully reloaded assembly
- Finished resetting the current domain, in  0.696 seconds
Domain Reload Profiling: 1310ms
	BeginReloadAssembly (148ms)
		ExecutionOrderSort (0ms)
		DisableScriptedObjects (11ms)
		BackupInstance (0ms)
		ReleaseScriptingObjects (0ms)
		CreateAndSetChildDomain (46ms)
	RebuildCommonClasses (29ms)
	RebuildNativeTypeToScriptingClass (10ms)
	initialDomainReloadingComplete (25ms)
	LoadAllAssembliesAndSetupDomain (400ms)
		LoadAssemblies (286ms)
		RebuildTransferFunctionScriptingTraits (0ms)
		AnalyzeDomain (169ms)
			TypeCache.Refresh (7ms)
				TypeCache.ScanAssembly (0ms)
			BuildScriptInfoCaches (149ms)
			ResolveRequiredComponents (10ms)
	FinalizeReload (697ms)
		ReleaseScriptCaches (0ms)
		RebuildScriptCaches (0ms)
		SetupLoadedEditorAssemblies (525ms)
			LogAssemblyErrors (0ms)
			InitializePlatformSupportModulesInManaged (3ms)
			SetLoadedEditorAssemblies (4ms)
			BeforeProcessingInitializeOnLoad (98ms)
			ProcessInitializeOnLoadAttributes (349ms)
			ProcessInitializeOnLoadMethodAttributes (65ms)
			AfterProcessingInitializeOnLoad (6ms)
			EditorAssembliesLoaded (0ms)
		ExecutionOrderSort2 (0ms)
		AwakeInstancesAfterBackupRestoration (12ms)
Refreshing native plugins compatible for Editor in 1.52 ms, found 4 plugins.
Preloading 0 native plugins for Editor in 0.00 ms.
Unloading 40 Unused Serialized files (Serialized files now loaded: 0)
Unloading 6612 unused Assets / (7.0 MB). Loaded Objects now: 7308.
Memory consumption went from 158.9 MB to 151.9 MB.
Total: 9.015400 ms (FindLiveObjects: 0.607500 ms CreateObjectMapping: 0.534000 ms MarkObjects: 4.311900 ms  DeleteObjects: 3.560700 ms)

Prepare: number of updated asset objects reloaded= 0
